Flow report for SDRAM
Sun May 10 23:29:55 2015
Quartus II 64-Bit Version 14.0.0 Build 200 06/17/2014 SJ Web Edition


---------------------
; Table of Contents ;
---------------------
  1. Legal Notice
  2. Flow Summary
  3. Flow Settings
  4. Flow Non-Default Global Settings
  5. Flow Elapsed Time
  6. Flow OS Summary
  7. Flow Log
  8. Flow Messages
  9. Flow Suppressed Messages



----------------
; Legal Notice ;
----------------
Copyright (C) 1991-2014 Altera Corporation. All rights reserved.
Your use of Altera Corporation's design tools, logic functions 
and other software and tools, and its AMPP partner logic 
functions, and any output files from any of the foregoing 
(including device programming or simulation files), and any 
associated documentation or information are expressly subject 
to the terms and conditions of the Altera Program License 
Subscription Agreement, the Altera Quartus II License Agreement,
the Altera MegaCore Function License Agreement, or other 
applicable license agreement, including, without limitation, 
that your use is for the sole purpose of programming logic 
devices manufactured by Altera and sold by Altera or its 
authorized distributors.  Please refer to the applicable 
agreement for further details.



+------------------------------------------------------------------------------+
; Flow Summary                                                                 ;
+---------------------------------+--------------------------------------------+
; Flow Status                     ; Successful - Sun May 10 23:29:55 2015      ;
; Quartus II 64-Bit Version       ; 14.0.0 Build 200 06/17/2014 SJ Web Edition ;
; Revision Name                   ; SDRAM                                      ;
; Top-level Entity Name           ; CCD                                        ;
; Family                          ; Cyclone V                                  ;
; Device                          ; 5CSEMA5F31C6                               ;
; Timing Models                   ; Final                                      ;
; Logic utilization (in ALMs)     ; 387 / 32,070 ( 1 % )                       ;
; Total registers                 ; 757                                        ;
; Total pins                      ; 105 / 457 ( 23 % )                         ;
; Total virtual pins              ; 0                                          ;
; Total block memory bits         ; 8,192 / 4,065,280 ( < 1 % )                ;
; Total DSP Blocks                ; 1 / 87 ( 1 % )                             ;
; Total HSSI RX PCSs              ; 0                                          ;
; Total HSSI PMA RX Deserializers ; 0                                          ;
; Total HSSI TX PCSs              ; 0                                          ;
; Total HSSI PMA TX Serializers   ; 0                                          ;
; Total PLLs                      ; 1 / 6 ( 17 % )                             ;
; Total DLLs                      ; 0 / 4 ( 0 % )                              ;
+---------------------------------+--------------------------------------------+


+-----------------------------------------+
; Flow Settings                           ;
+-------------------+---------------------+
; Option            ; Setting             ;
+-------------------+---------------------+
; Start date & time ; 05/10/2015 23:25:28 ;
; Main task         ; Compilation         ;
; Revision Name     ; SDRAM               ;
+-------------------+---------------------+


+--------------------------------------------------------------------------------------------------------------------------------+
; Flow Non-Default Global Settings                                                                                               ;
+-------------------------------------+---------------------------------------+---------------+-----------------+----------------+
; Assignment Name                     ; Value                                 ; Default Value ; Entity Name     ; Section Id     ;
+-------------------------------------+---------------------------------------+---------------+-----------------+----------------+
; COMPILER_SIGNATURE_ID               ; 211193169911957.143129312706944       ; --            ; --              ; --             ;
; EDA_OUTPUT_DATA_FORMAT              ; Vhdl                                  ; --            ; --              ; eda_simulation ;
; EDA_SIMULATION_TOOL                 ; ModelSim-Altera (VHDL)                ; <None>        ; --              ; --             ;
; MAX_CORE_JUNCTION_TEMP              ; 85                                    ; --            ; --              ; --             ;
; MIN_CORE_JUNCTION_TEMP              ; 0                                     ; --            ; --              ; --             ;
; PARTITION_COLOR                     ; 16764057                              ; --            ; DE1_SoC_Default ; Top            ;
; PARTITION_COLOR                     ; 16764057                              ; --            ; ccd             ; Top            ;
; PARTITION_FITTER_PRESERVATION_LEVEL ; PLACEMENT_AND_ROUTING                 ; --            ; DE1_SoC_Default ; Top            ;
; PARTITION_FITTER_PRESERVATION_LEVEL ; PLACEMENT_AND_ROUTING                 ; --            ; ccd             ; Top            ;
; PARTITION_NETLIST_TYPE              ; SOURCE                                ; --            ; DE1_SoC_Default ; Top            ;
; PARTITION_NETLIST_TYPE              ; SOURCE                                ; --            ; ccd             ; Top            ;
; POWER_BOARD_THERMAL_MODEL           ; None (CONSERVATIVE)                   ; --            ; --              ; --             ;
; POWER_PRESET_COOLING_SOLUTION       ; 23 MM HEAT SINK WITH 200 LFPM AIRFLOW ; --            ; --              ; --             ;
; PROJECT_OUTPUT_DIRECTORY            ; output_files                          ; --            ; --              ; --             ;
; TOP_LEVEL_ENTITY                    ; ccd                                   ; SDRAM         ; --              ; --             ;
+-------------------------------------+---------------------------------------+---------------+-----------------+----------------+


+-------------------------------------------------------------------------------------------------------------------------------+
; Flow Elapsed Time                                                                                                             ;
+---------------------------+--------------+-------------------------+---------------------+------------------------------------+
; Module Name               ; Elapsed Time ; Average Processors Used ; Peak Virtual Memory ; Total CPU Time (on all processors) ;
+---------------------------+--------------+-------------------------+---------------------+------------------------------------+
; Analysis & Synthesis      ; 00:00:48     ; 1.0                     ; 680 MB              ; 00:00:42                           ;
; Fitter                    ; 00:02:14     ; 1.3                     ; 2199 MB             ; 00:02:41                           ;
; Assembler                 ; 00:00:23     ; 1.0                     ; 675 MB              ; 00:00:22                           ;
; TimeQuest Timing Analyzer ; 00:00:30     ; 1.1                     ; 1085 MB             ; 00:00:32                           ;
; EDA Netlist Writer        ; 00:00:05     ; 1.0                     ; 682 MB              ; 00:00:05                           ;
; Total                     ; 00:04:00     ; --                      ; --                  ; 00:04:22                           ;
+---------------------------+--------------+-------------------------+---------------------+------------------------------------+


+----------------------------------------------------------------------------------------+
; Flow OS Summary                                                                        ;
+---------------------------+------------------+-----------+------------+----------------+
; Module Name               ; Machine Hostname ; OS Name   ; OS Version ; Processor type ;
+---------------------------+------------------+-----------+------------+----------------+
; Analysis & Synthesis      ; Antonio-PC       ; Windows 7 ; 6.1        ; x86_64         ;
; Fitter                    ; Antonio-PC       ; Windows 7 ; 6.1        ; x86_64         ;
; Assembler                 ; Antonio-PC       ; Windows 7 ; 6.1        ; x86_64         ;
; TimeQuest Timing Analyzer ; Antonio-PC       ; Windows 7 ; 6.1        ; x86_64         ;
; EDA Netlist Writer        ; Antonio-PC       ; Windows 7 ; 6.1        ; x86_64         ;
+---------------------------+------------------+-----------+------------+----------------+


------------
; Flow Log ;
------------
quartus_map --read_settings_files=on --write_settings_files=off CCD -c SDRAM
quartus_fit --read_settings_files=off --write_settings_files=off CCD -c SDRAM
quartus_asm --read_settings_files=off --write_settings_files=off CCD -c SDRAM
quartus_sta CCD -c SDRAM
quartus_eda --read_settings_files=off --write_settings_files=off CCD -c SDRAM



